============================================================
Scaling Test Worker (Fixed)
============================================================
Job ID:         13193695
Nodes:          3
Mode:           multi
Config:         /p/project1/cameo/schmidt36/chemtrain-deploy/external/chemtrain/clean_code_base/scripts/config_scaling_test.yaml
Output dir:     /p/project1/cameo/schmidt36/chemtrain-deploy/external/chemtrain/clean_code_base/scaling_results/run_20260202_230402
============================================================
SCRIPT_DIR: /var/spool/parastation/jobs
CLEAN_CODE_BASE_DIR: /var/spool/parastation
TRAIN_SCRIPT: /var/spool/parastation/jobs/train_scaling_fixed.py

============================================================
Multi-node scaling test: 3 nodes, 12 devices
============================================================
  Running training on 3 nodes...
/p/project1/cameo/schmidt36/clean_booster_env/bin/python3: can't open file '/var/spool/parastation/jobs/train_scaling_fixed.py': [Errno 2] No such file or directory
/p/project1/cameo/schmidt36/clean_booster_env/bin/python3: can't open file '/var/spool/parastation/jobs/train_scaling_fixed.py': [Errno 2] No such file or directory
srun: error: jwb0380: task 1: Exited with exit code 2
/p/project1/cameo/schmidt36/clean_booster_env/bin/python3: can't open file '/var/spool/parastation/jobs/train_scaling_fixed.py': [Errno 2] No such file or directory
srun: error: jwb0762: task 2: Exited with exit code 2
srun: error: jwb0344: task 0: Exited with exit code 2
  Total time: 1.720645847s
  Throughput: 15691.78 samples/s

============================================================
Scaling test complete
Results saved to: /p/project1/cameo/schmidt36/chemtrain-deploy/external/chemtrain/clean_code_base/scaling_results/run_20260202_230402/timing_job_13193695.csv
============================================================
