============================================================
Scaling Test Worker (Fixed)
============================================================
Job ID:         13193606
Nodes:          6
Mode:           multi
Config:         /p/project1/cameo/schmidt36/chemtrain-deploy/external/chemtrain/clean_code_base/scripts/config_scaling_test.yaml
Output dir:     /p/project1/cameo/schmidt36/chemtrain-deploy/external/chemtrain/clean_code_base/scaling_results/run_20260202_222030
============================================================

============================================================
Multi-node scaling test: 6 nodes, 24 devices
============================================================
  Running training on 6 nodes...
/p/project1/cameo/schmidt36/clean_booster_env/bin/python3: can't open file '/p/project1/cameo/schmidt36/chemtrain-deploy/external/chemtrain/clean_code_base/scripts/scripts/train_scaling_fixed.py': [Errno 2] No such file or directory
/p/project1/cameo/schmidt36/clean_booster_env/bin/python3: can't open file '/p/project1/cameo/schmidt36/chemtrain-deploy/external/chemtrain/clean_code_base/scripts/scripts/train_scaling_fixed.py': [Errno 2] No such file or directory
srun: error: jwb0357: task 1: Exited with exit code 2
/p/project1/cameo/schmidt36/clean_booster_env/bin/python3: can't open file '/p/project1/cameo/schmidt36/chemtrain-deploy/external/chemtrain/clean_code_base/scripts/scripts/train_scaling_fixed.py': [Errno 2] No such file or directory
srun: error: jwb0665: task 5: Exited with exit code 2
/p/project1/cameo/schmidt36/clean_booster_env/bin/python3: can't open file '/p/project1/cameo/schmidt36/chemtrain-deploy/external/chemtrain/clean_code_base/scripts/scripts/train_scaling_fixed.py': [Errno 2] No such file or directory
srun: error: jwb0664: task 4: Exited with exit code 2
/p/project1/cameo/schmidt36/clean_booster_env/bin/python3: can't open file '/p/project1/cameo/schmidt36/chemtrain-deploy/external/chemtrain/clean_code_base/scripts/scripts/train_scaling_fixed.py': [Errno 2] No such file or directory
srun: error: jwb0661: task 3: Exited with exit code 2
srun: error: jwb0380: task 2: Terminated
srun: error: jwb0090: task 0: Exited with exit code 2
srun: Force Terminated StepId=13193606.0
  Total time: 1.722615688s
  Throughput: 15673.83 samples/s

============================================================
Scaling test complete
Results saved to: /p/project1/cameo/schmidt36/chemtrain-deploy/external/chemtrain/clean_code_base/scaling_results/run_20260202_222030/timing_job_13193606.csv
============================================================
